Performing C SOURCE FILE Test CMAKE_HAVE_LIBC_PTHREAD failed with the following output:
Change Dir: /home/sujin/Downloads/ObjDetector_220713/build/CMakeFiles/CMakeTmp

Run Build Command(s):/usr/bin/make cmTC_08d6d/fast && /usr/bin/make -f CMakeFiles/cmTC_08d6d.dir/build.make CMakeFiles/cmTC_08d6d.dir/build
make[1]: Entering directory '/home/sujin/Downloads/ObjDetector_220713/build/CMakeFiles/CMakeTmp'
Building C object CMakeFiles/cmTC_08d6d.dir/src.c.o
/usr/bin/cc   -fPIC -DCMAKE_HAVE_LIBC_PTHREAD   -o CMakeFiles/cmTC_08d6d.dir/src.c.o   -c /home/sujin/Downloads/ObjDetector_220713/build/CMakeFiles/CMakeTmp/src.c
Linking C executable cmTC_08d6d
/usr/bin/cmake -E cmake_link_script CMakeFiles/cmTC_08d6d.dir/link.txt --verbose=1
/usr/bin/cc -fPIC -DCMAKE_HAVE_LIBC_PTHREAD     CMakeFiles/cmTC_08d6d.dir/src.c.o  -o cmTC_08d6d 
/usr/bin/ld: CMakeFiles/cmTC_08d6d.dir/src.c.o: in function `main':
src.c:(.text+0x46): undefined reference to `pthread_create'
/usr/bin/ld: src.c:(.text+0x52): undefined reference to `pthread_detach'
/usr/bin/ld: src.c:(.text+0x63): undefined reference to `pthread_join'
collect2: error: ld returned 1 exit status
make[1]: *** [CMakeFiles/cmTC_08d6d.dir/build.make:87: cmTC_08d6d] Error 1
make[1]: Leaving directory '/home/sujin/Downloads/ObjDetector_220713/build/CMakeFiles/CMakeTmp'
make: *** [Makefile:121: cmTC_08d6d/fast] Error 2


Source file was:
#include <pthread.h>

void* test_func(void* data)
{
  return data;
}

int main(void)
{
  pthread_t thread;
  pthread_create(&thread, NULL, test_func, NULL);
  pthread_detach(thread);
  pthread_join(thread, NULL);
  pthread_atfork(NULL, NULL, NULL);
  pthread_exit(NULL);

  return 0;
}

Determining if the function pthread_create exists in the pthreads failed with the following output:
Change Dir: /home/sujin/Downloads/ObjDetector_220713/build/CMakeFiles/CMakeTmp

Run Build Command(s):/usr/bin/make cmTC_1fb7a/fast && /usr/bin/make -f CMakeFiles/cmTC_1fb7a.dir/build.make CMakeFiles/cmTC_1fb7a.dir/build
make[1]: Entering directory '/home/sujin/Downloads/ObjDetector_220713/build/CMakeFiles/CMakeTmp'
Building C object CMakeFiles/cmTC_1fb7a.dir/CheckFunctionExists.c.o
/usr/bin/cc   -fPIC -DCHECK_FUNCTION_EXISTS=pthread_create   -o CMakeFiles/cmTC_1fb7a.dir/CheckFunctionExists.c.o   -c /usr/share/cmake-3.16/Modules/CheckFunctionExists.c
Linking C executable cmTC_1fb7a
/usr/bin/cmake -E cmake_link_script CMakeFiles/cmTC_1fb7a.dir/link.txt --verbose=1
/usr/bin/cc -fPIC -DCHECK_FUNCTION_EXISTS=pthread_create     CMakeFiles/cmTC_1fb7a.dir/CheckFunctionExists.c.o  -o cmTC_1fb7a  -lpthreads 
/usr/bin/ld: cannot find -lpthreads
collect2: error: ld returned 1 exit status
make[1]: *** [CMakeFiles/cmTC_1fb7a.dir/build.make:87: cmTC_1fb7a] Error 1
make[1]: Leaving directory '/home/sujin/Downloads/ObjDetector_220713/build/CMakeFiles/CMakeTmp'
make: *** [Makefile:121: cmTC_1fb7a/fast] Error 2



Performing C SOURCE FILE Test CMAKE_HAVE_LIBC_PTHREAD failed with the following output:
Change Dir: /home/sujin/Downloads/ObjDetector_220713/build/CMakeFiles/CMakeTmp

Run Build Command(s):/usr/bin/make cmTC_af28b/fast && /usr/bin/make -f CMakeFiles/cmTC_af28b.dir/build.make CMakeFiles/cmTC_af28b.dir/build
make[1]: Entering directory '/home/sujin/Downloads/ObjDetector_220713/build/CMakeFiles/CMakeTmp'
Building C object CMakeFiles/cmTC_af28b.dir/src.c.o
/usr/bin/cc   -fPIC -DCMAKE_HAVE_LIBC_PTHREAD   -o CMakeFiles/cmTC_af28b.dir/src.c.o   -c /home/sujin/Downloads/ObjDetector_220713/build/CMakeFiles/CMakeTmp/src.c
Linking C executable cmTC_af28b
/usr/bin/cmake -E cmake_link_script CMakeFiles/cmTC_af28b.dir/link.txt --verbose=1
/usr/bin/cc -fPIC -DCMAKE_HAVE_LIBC_PTHREAD     CMakeFiles/cmTC_af28b.dir/src.c.o  -o cmTC_af28b 
/usr/bin/ld: CMakeFiles/cmTC_af28b.dir/src.c.o: in function `main':
src.c:(.text+0x46): undefined reference to `pthread_create'
/usr/bin/ld: src.c:(.text+0x52): undefined reference to `pthread_detach'
/usr/bin/ld: src.c:(.text+0x63): undefined reference to `pthread_join'
collect2: error: ld returned 1 exit status
make[1]: *** [CMakeFiles/cmTC_af28b.dir/build.make:87: cmTC_af28b] Error 1
make[1]: Leaving directory '/home/sujin/Downloads/ObjDetector_220713/build/CMakeFiles/CMakeTmp'
make: *** [Makefile:121: cmTC_af28b/fast] Error 2


Source file was:
#include <pthread.h>

void* test_func(void* data)
{
  return data;
}

int main(void)
{
  pthread_t thread;
  pthread_create(&thread, NULL, test_func, NULL);
  pthread_detach(thread);
  pthread_join(thread, NULL);
  pthread_atfork(NULL, NULL, NULL);
  pthread_exit(NULL);

  return 0;
}

Determining if the function pthread_create exists in the pthreads failed with the following output:
Change Dir: /home/sujin/Downloads/ObjDetector_220713/build/CMakeFiles/CMakeTmp

Run Build Command(s):/usr/bin/make cmTC_934ee/fast && /usr/bin/make -f CMakeFiles/cmTC_934ee.dir/build.make CMakeFiles/cmTC_934ee.dir/build
make[1]: Entering directory '/home/sujin/Downloads/ObjDetector_220713/build/CMakeFiles/CMakeTmp'
Building C object CMakeFiles/cmTC_934ee.dir/CheckFunctionExists.c.o
/usr/bin/cc   -fPIC -DCHECK_FUNCTION_EXISTS=pthread_create   -o CMakeFiles/cmTC_934ee.dir/CheckFunctionExists.c.o   -c /usr/share/cmake-3.16/Modules/CheckFunctionExists.c
Linking C executable cmTC_934ee
/usr/bin/cmake -E cmake_link_script CMakeFiles/cmTC_934ee.dir/link.txt --verbose=1
/usr/bin/cc -fPIC -DCHECK_FUNCTION_EXISTS=pthread_create     CMakeFiles/cmTC_934ee.dir/CheckFunctionExists.c.o  -o cmTC_934ee  -lpthreads 
/usr/bin/ld: cannot find -lpthreads
collect2: error: ld returned 1 exit status
make[1]: *** [CMakeFiles/cmTC_934ee.dir/build.make:87: cmTC_934ee] Error 1
make[1]: Leaving directory '/home/sujin/Downloads/ObjDetector_220713/build/CMakeFiles/CMakeTmp'
make: *** [Makefile:121: cmTC_934ee/fast] Error 2



Performing C SOURCE FILE Test CMAKE_HAVE_LIBC_PTHREAD failed with the following output:
Change Dir: /home/sujin/Downloads/ObjDetector_220713/build/CMakeFiles/CMakeTmp

Run Build Command(s):/usr/bin/make cmTC_08acd/fast && /usr/bin/make -f CMakeFiles/cmTC_08acd.dir/build.make CMakeFiles/cmTC_08acd.dir/build
make[1]: Entering directory '/home/sujin/Downloads/ObjDetector_220713/build/CMakeFiles/CMakeTmp'
Building C object CMakeFiles/cmTC_08acd.dir/src.c.o
/usr/bin/cc   -fPIC -DCMAKE_HAVE_LIBC_PTHREAD   -o CMakeFiles/cmTC_08acd.dir/src.c.o   -c /home/sujin/Downloads/ObjDetector_220713/build/CMakeFiles/CMakeTmp/src.c
Linking C executable cmTC_08acd
/usr/bin/cmake -E cmake_link_script CMakeFiles/cmTC_08acd.dir/link.txt --verbose=1
/usr/bin/cc -fPIC -DCMAKE_HAVE_LIBC_PTHREAD     CMakeFiles/cmTC_08acd.dir/src.c.o  -o cmTC_08acd 
/usr/bin/ld: CMakeFiles/cmTC_08acd.dir/src.c.o: in function `main':
src.c:(.text+0x46): undefined reference to `pthread_create'
/usr/bin/ld: src.c:(.text+0x52): undefined reference to `pthread_detach'
/usr/bin/ld: src.c:(.text+0x63): undefined reference to `pthread_join'
collect2: error: ld returned 1 exit status
make[1]: *** [CMakeFiles/cmTC_08acd.dir/build.make:87: cmTC_08acd] Error 1
make[1]: Leaving directory '/home/sujin/Downloads/ObjDetector_220713/build/CMakeFiles/CMakeTmp'
make: *** [Makefile:121: cmTC_08acd/fast] Error 2


Source file was:
#include <pthread.h>

void* test_func(void* data)
{
  return data;
}

int main(void)
{
  pthread_t thread;
  pthread_create(&thread, NULL, test_func, NULL);
  pthread_detach(thread);
  pthread_join(thread, NULL);
  pthread_atfork(NULL, NULL, NULL);
  pthread_exit(NULL);

  return 0;
}

Determining if the function pthread_create exists in the pthreads failed with the following output:
Change Dir: /home/sujin/Downloads/ObjDetector_220713/build/CMakeFiles/CMakeTmp

Run Build Command(s):/usr/bin/make cmTC_79782/fast && /usr/bin/make -f CMakeFiles/cmTC_79782.dir/build.make CMakeFiles/cmTC_79782.dir/build
make[1]: Entering directory '/home/sujin/Downloads/ObjDetector_220713/build/CMakeFiles/CMakeTmp'
Building C object CMakeFiles/cmTC_79782.dir/CheckFunctionExists.c.o
/usr/bin/cc   -fPIC -DCHECK_FUNCTION_EXISTS=pthread_create   -o CMakeFiles/cmTC_79782.dir/CheckFunctionExists.c.o   -c /usr/share/cmake-3.16/Modules/CheckFunctionExists.c
Linking C executable cmTC_79782
/usr/bin/cmake -E cmake_link_script CMakeFiles/cmTC_79782.dir/link.txt --verbose=1
/usr/bin/cc -fPIC -DCHECK_FUNCTION_EXISTS=pthread_create     CMakeFiles/cmTC_79782.dir/CheckFunctionExists.c.o  -o cmTC_79782  -lpthreads 
/usr/bin/ld: cannot find -lpthreads
collect2: error: ld returned 1 exit status
make[1]: *** [CMakeFiles/cmTC_79782.dir/build.make:87: cmTC_79782] Error 1
make[1]: Leaving directory '/home/sujin/Downloads/ObjDetector_220713/build/CMakeFiles/CMakeTmp'
make: *** [Makefile:121: cmTC_79782/fast] Error 2



Performing C SOURCE FILE Test CMAKE_HAVE_LIBC_PTHREAD failed with the following output:
Change Dir: /home/sujin/Downloads/ObjDetector_220713/build/CMakeFiles/CMakeTmp

Run Build Command(s):/usr/bin/make cmTC_d633e/fast && /usr/bin/make -f CMakeFiles/cmTC_d633e.dir/build.make CMakeFiles/cmTC_d633e.dir/build
make[1]: Entering directory '/home/sujin/Downloads/ObjDetector_220713/build/CMakeFiles/CMakeTmp'
Building C object CMakeFiles/cmTC_d633e.dir/src.c.o
/usr/bin/cc   -fPIC -DCMAKE_HAVE_LIBC_PTHREAD   -o CMakeFiles/cmTC_d633e.dir/src.c.o   -c /home/sujin/Downloads/ObjDetector_220713/build/CMakeFiles/CMakeTmp/src.c
Linking C executable cmTC_d633e
/usr/bin/cmake -E cmake_link_script CMakeFiles/cmTC_d633e.dir/link.txt --verbose=1
/usr/bin/cc -fPIC -DCMAKE_HAVE_LIBC_PTHREAD     CMakeFiles/cmTC_d633e.dir/src.c.o  -o cmTC_d633e 
/usr/bin/ld: CMakeFiles/cmTC_d633e.dir/src.c.o: in function `main':
src.c:(.text+0x46): undefined reference to `pthread_create'
/usr/bin/ld: src.c:(.text+0x52): undefined reference to `pthread_detach'
/usr/bin/ld: src.c:(.text+0x63): undefined reference to `pthread_join'
collect2: error: ld returned 1 exit status
make[1]: *** [CMakeFiles/cmTC_d633e.dir/build.make:87: cmTC_d633e] Error 1
make[1]: Leaving directory '/home/sujin/Downloads/ObjDetector_220713/build/CMakeFiles/CMakeTmp'
make: *** [Makefile:121: cmTC_d633e/fast] Error 2


Source file was:
#include <pthread.h>

void* test_func(void* data)
{
  return data;
}

int main(void)
{
  pthread_t thread;
  pthread_create(&thread, NULL, test_func, NULL);
  pthread_detach(thread);
  pthread_join(thread, NULL);
  pthread_atfork(NULL, NULL, NULL);
  pthread_exit(NULL);

  return 0;
}

Determining if the function pthread_create exists in the pthreads failed with the following output:
Change Dir: /home/sujin/Downloads/ObjDetector_220713/build/CMakeFiles/CMakeTmp

Run Build Command(s):/usr/bin/make cmTC_aeb65/fast && /usr/bin/make -f CMakeFiles/cmTC_aeb65.dir/build.make CMakeFiles/cmTC_aeb65.dir/build
make[1]: Entering directory '/home/sujin/Downloads/ObjDetector_220713/build/CMakeFiles/CMakeTmp'
Building C object CMakeFiles/cmTC_aeb65.dir/CheckFunctionExists.c.o
/usr/bin/cc   -fPIC -DCHECK_FUNCTION_EXISTS=pthread_create   -o CMakeFiles/cmTC_aeb65.dir/CheckFunctionExists.c.o   -c /usr/share/cmake-3.16/Modules/CheckFunctionExists.c
Linking C executable cmTC_aeb65
/usr/bin/cmake -E cmake_link_script CMakeFiles/cmTC_aeb65.dir/link.txt --verbose=1
/usr/bin/cc -fPIC -DCHECK_FUNCTION_EXISTS=pthread_create     CMakeFiles/cmTC_aeb65.dir/CheckFunctionExists.c.o  -o cmTC_aeb65  -lpthreads 
/usr/bin/ld: cannot find -lpthreads
collect2: error: ld returned 1 exit status
make[1]: *** [CMakeFiles/cmTC_aeb65.dir/build.make:87: cmTC_aeb65] Error 1
make[1]: Leaving directory '/home/sujin/Downloads/ObjDetector_220713/build/CMakeFiles/CMakeTmp'
make: *** [Makefile:121: cmTC_aeb65/fast] Error 2



Performing C SOURCE FILE Test CMAKE_HAVE_LIBC_PTHREAD failed with the following output:
Change Dir: /home/sujin/Downloads/ObjDetector_220713/build/CMakeFiles/CMakeTmp

Run Build Command(s):/usr/bin/make cmTC_382a6/fast && /usr/bin/make -f CMakeFiles/cmTC_382a6.dir/build.make CMakeFiles/cmTC_382a6.dir/build
make[1]: Entering directory '/home/sujin/Downloads/ObjDetector_220713/build/CMakeFiles/CMakeTmp'
Building C object CMakeFiles/cmTC_382a6.dir/src.c.o
/usr/bin/cc   -fPIC -DCMAKE_HAVE_LIBC_PTHREAD   -o CMakeFiles/cmTC_382a6.dir/src.c.o   -c /home/sujin/Downloads/ObjDetector_220713/build/CMakeFiles/CMakeTmp/src.c
Linking C executable cmTC_382a6
/usr/bin/cmake -E cmake_link_script CMakeFiles/cmTC_382a6.dir/link.txt --verbose=1
/usr/bin/cc -fPIC -DCMAKE_HAVE_LIBC_PTHREAD     CMakeFiles/cmTC_382a6.dir/src.c.o  -o cmTC_382a6 
/usr/bin/ld: CMakeFiles/cmTC_382a6.dir/src.c.o: in function `main':
src.c:(.text+0x46): undefined reference to `pthread_create'
/usr/bin/ld: src.c:(.text+0x52): undefined reference to `pthread_detach'
/usr/bin/ld: src.c:(.text+0x63): undefined reference to `pthread_join'
collect2: error: ld returned 1 exit status
make[1]: *** [CMakeFiles/cmTC_382a6.dir/build.make:87: cmTC_382a6] Error 1
make[1]: Leaving directory '/home/sujin/Downloads/ObjDetector_220713/build/CMakeFiles/CMakeTmp'
make: *** [Makefile:121: cmTC_382a6/fast] Error 2


Source file was:
#include <pthread.h>

void* test_func(void* data)
{
  return data;
}

int main(void)
{
  pthread_t thread;
  pthread_create(&thread, NULL, test_func, NULL);
  pthread_detach(thread);
  pthread_join(thread, NULL);
  pthread_atfork(NULL, NULL, NULL);
  pthread_exit(NULL);

  return 0;
}

Determining if the function pthread_create exists in the pthreads failed with the following output:
Change Dir: /home/sujin/Downloads/ObjDetector_220713/build/CMakeFiles/CMakeTmp

Run Build Command(s):/usr/bin/make cmTC_c6aa2/fast && /usr/bin/make -f CMakeFiles/cmTC_c6aa2.dir/build.make CMakeFiles/cmTC_c6aa2.dir/build
make[1]: Entering directory '/home/sujin/Downloads/ObjDetector_220713/build/CMakeFiles/CMakeTmp'
Building C object CMakeFiles/cmTC_c6aa2.dir/CheckFunctionExists.c.o
/usr/bin/cc   -fPIC -DCHECK_FUNCTION_EXISTS=pthread_create   -o CMakeFiles/cmTC_c6aa2.dir/CheckFunctionExists.c.o   -c /usr/share/cmake-3.16/Modules/CheckFunctionExists.c
Linking C executable cmTC_c6aa2
/usr/bin/cmake -E cmake_link_script CMakeFiles/cmTC_c6aa2.dir/link.txt --verbose=1
/usr/bin/cc -fPIC -DCHECK_FUNCTION_EXISTS=pthread_create     CMakeFiles/cmTC_c6aa2.dir/CheckFunctionExists.c.o  -o cmTC_c6aa2  -lpthreads 
/usr/bin/ld: cannot find -lpthreads
collect2: error: ld returned 1 exit status
make[1]: *** [CMakeFiles/cmTC_c6aa2.dir/build.make:87: cmTC_c6aa2] Error 1
make[1]: Leaving directory '/home/sujin/Downloads/ObjDetector_220713/build/CMakeFiles/CMakeTmp'
make: *** [Makefile:121: cmTC_c6aa2/fast] Error 2



Performing C SOURCE FILE Test CMAKE_HAVE_LIBC_PTHREAD failed with the following output:
Change Dir: /home/sujin/Downloads/ObjDetector_220713/build/CMakeFiles/CMakeTmp

Run Build Command(s):/usr/bin/make cmTC_ac736/fast && /usr/bin/make -f CMakeFiles/cmTC_ac736.dir/build.make CMakeFiles/cmTC_ac736.dir/build
make[1]: Entering directory '/home/sujin/Downloads/ObjDetector_220713/build/CMakeFiles/CMakeTmp'
Building C object CMakeFiles/cmTC_ac736.dir/src.c.o
/usr/bin/cc   -fPIC -DCMAKE_HAVE_LIBC_PTHREAD   -o CMakeFiles/cmTC_ac736.dir/src.c.o   -c /home/sujin/Downloads/ObjDetector_220713/build/CMakeFiles/CMakeTmp/src.c
Linking C executable cmTC_ac736
/usr/bin/cmake -E cmake_link_script CMakeFiles/cmTC_ac736.dir/link.txt --verbose=1
/usr/bin/cc -fPIC -DCMAKE_HAVE_LIBC_PTHREAD     CMakeFiles/cmTC_ac736.dir/src.c.o  -o cmTC_ac736 
/usr/bin/ld: CMakeFiles/cmTC_ac736.dir/src.c.o: in function `main':
src.c:(.text+0x46): undefined reference to `pthread_create'
/usr/bin/ld: src.c:(.text+0x52): undefined reference to `pthread_detach'
/usr/bin/ld: src.c:(.text+0x63): undefined reference to `pthread_join'
collect2: error: ld returned 1 exit status
make[1]: *** [CMakeFiles/cmTC_ac736.dir/build.make:87: cmTC_ac736] Error 1
make[1]: Leaving directory '/home/sujin/Downloads/ObjDetector_220713/build/CMakeFiles/CMakeTmp'
make: *** [Makefile:121: cmTC_ac736/fast] Error 2


Source file was:
#include <pthread.h>

void* test_func(void* data)
{
  return data;
}

int main(void)
{
  pthread_t thread;
  pthread_create(&thread, NULL, test_func, NULL);
  pthread_detach(thread);
  pthread_join(thread, NULL);
  pthread_atfork(NULL, NULL, NULL);
  pthread_exit(NULL);

  return 0;
}

Determining if the function pthread_create exists in the pthreads failed with the following output:
Change Dir: /home/sujin/Downloads/ObjDetector_220713/build/CMakeFiles/CMakeTmp

Run Build Command(s):/usr/bin/make cmTC_186b4/fast && /usr/bin/make -f CMakeFiles/cmTC_186b4.dir/build.make CMakeFiles/cmTC_186b4.dir/build
make[1]: Entering directory '/home/sujin/Downloads/ObjDetector_220713/build/CMakeFiles/CMakeTmp'
Building C object CMakeFiles/cmTC_186b4.dir/CheckFunctionExists.c.o
/usr/bin/cc   -fPIC -DCHECK_FUNCTION_EXISTS=pthread_create   -o CMakeFiles/cmTC_186b4.dir/CheckFunctionExists.c.o   -c /usr/share/cmake-3.16/Modules/CheckFunctionExists.c
Linking C executable cmTC_186b4
/usr/bin/cmake -E cmake_link_script CMakeFiles/cmTC_186b4.dir/link.txt --verbose=1
/usr/bin/cc -fPIC -DCHECK_FUNCTION_EXISTS=pthread_create     CMakeFiles/cmTC_186b4.dir/CheckFunctionExists.c.o  -o cmTC_186b4  -lpthreads 
/usr/bin/ld: cannot find -lpthreads
collect2: error: ld returned 1 exit status
make[1]: *** [CMakeFiles/cmTC_186b4.dir/build.make:87: cmTC_186b4] Error 1
make[1]: Leaving directory '/home/sujin/Downloads/ObjDetector_220713/build/CMakeFiles/CMakeTmp'
make: *** [Makefile:121: cmTC_186b4/fast] Error 2



Performing C SOURCE FILE Test CMAKE_HAVE_LIBC_PTHREAD failed with the following output:
Change Dir: /home/sujin/Downloads/ObjDetector_220713/build/CMakeFiles/CMakeTmp

Run Build Command(s):/usr/bin/make cmTC_92d3b/fast && /usr/bin/make -f CMakeFiles/cmTC_92d3b.dir/build.make CMakeFiles/cmTC_92d3b.dir/build
make[1]: Entering directory '/home/sujin/Downloads/ObjDetector_220713/build/CMakeFiles/CMakeTmp'
Building C object CMakeFiles/cmTC_92d3b.dir/src.c.o
/usr/bin/cc   -fPIC -DCMAKE_HAVE_LIBC_PTHREAD   -o CMakeFiles/cmTC_92d3b.dir/src.c.o   -c /home/sujin/Downloads/ObjDetector_220713/build/CMakeFiles/CMakeTmp/src.c
Linking C executable cmTC_92d3b
/usr/bin/cmake -E cmake_link_script CMakeFiles/cmTC_92d3b.dir/link.txt --verbose=1
/usr/bin/cc -fPIC -DCMAKE_HAVE_LIBC_PTHREAD     CMakeFiles/cmTC_92d3b.dir/src.c.o  -o cmTC_92d3b 
/usr/bin/ld: CMakeFiles/cmTC_92d3b.dir/src.c.o: in function `main':
src.c:(.text+0x46): undefined reference to `pthread_create'
/usr/bin/ld: src.c:(.text+0x52): undefined reference to `pthread_detach'
/usr/bin/ld: src.c:(.text+0x63): undefined reference to `pthread_join'
collect2: error: ld returned 1 exit status
make[1]: *** [CMakeFiles/cmTC_92d3b.dir/build.make:87: cmTC_92d3b] Error 1
make[1]: Leaving directory '/home/sujin/Downloads/ObjDetector_220713/build/CMakeFiles/CMakeTmp'
make: *** [Makefile:121: cmTC_92d3b/fast] Error 2


Source file was:
#include <pthread.h>

void* test_func(void* data)
{
  return data;
}

int main(void)
{
  pthread_t thread;
  pthread_create(&thread, NULL, test_func, NULL);
  pthread_detach(thread);
  pthread_join(thread, NULL);
  pthread_atfork(NULL, NULL, NULL);
  pthread_exit(NULL);

  return 0;
}

Determining if the function pthread_create exists in the pthreads failed with the following output:
Change Dir: /home/sujin/Downloads/ObjDetector_220713/build/CMakeFiles/CMakeTmp

Run Build Command(s):/usr/bin/make cmTC_6b1e2/fast && /usr/bin/make -f CMakeFiles/cmTC_6b1e2.dir/build.make CMakeFiles/cmTC_6b1e2.dir/build
make[1]: Entering directory '/home/sujin/Downloads/ObjDetector_220713/build/CMakeFiles/CMakeTmp'
Building C object CMakeFiles/cmTC_6b1e2.dir/CheckFunctionExists.c.o
/usr/bin/cc   -fPIC -DCHECK_FUNCTION_EXISTS=pthread_create   -o CMakeFiles/cmTC_6b1e2.dir/CheckFunctionExists.c.o   -c /usr/share/cmake-3.16/Modules/CheckFunctionExists.c
Linking C executable cmTC_6b1e2
/usr/bin/cmake -E cmake_link_script CMakeFiles/cmTC_6b1e2.dir/link.txt --verbose=1
/usr/bin/cc -fPIC -DCHECK_FUNCTION_EXISTS=pthread_create     CMakeFiles/cmTC_6b1e2.dir/CheckFunctionExists.c.o  -o cmTC_6b1e2  -lpthreads 
/usr/bin/ld: cannot find -lpthreads
collect2: error: ld returned 1 exit status
make[1]: *** [CMakeFiles/cmTC_6b1e2.dir/build.make:87: cmTC_6b1e2] Error 1
make[1]: Leaving directory '/home/sujin/Downloads/ObjDetector_220713/build/CMakeFiles/CMakeTmp'
make: *** [Makefile:121: cmTC_6b1e2/fast] Error 2



Performing C SOURCE FILE Test CMAKE_HAVE_LIBC_PTHREAD failed with the following output:
Change Dir: /home/sujin/Downloads/ObjDetector_220713/build/CMakeFiles/CMakeTmp

Run Build Command(s):/usr/bin/make cmTC_471e0/fast && /usr/bin/make -f CMakeFiles/cmTC_471e0.dir/build.make CMakeFiles/cmTC_471e0.dir/build
make[1]: Entering directory '/home/sujin/Downloads/ObjDetector_220713/build/CMakeFiles/CMakeTmp'
Building C object CMakeFiles/cmTC_471e0.dir/src.c.o
/usr/bin/cc   -fPIC -DCMAKE_HAVE_LIBC_PTHREAD   -o CMakeFiles/cmTC_471e0.dir/src.c.o   -c /home/sujin/Downloads/ObjDetector_220713/build/CMakeFiles/CMakeTmp/src.c
Linking C executable cmTC_471e0
/usr/bin/cmake -E cmake_link_script CMakeFiles/cmTC_471e0.dir/link.txt --verbose=1
/usr/bin/cc -fPIC -DCMAKE_HAVE_LIBC_PTHREAD     CMakeFiles/cmTC_471e0.dir/src.c.o  -o cmTC_471e0 
/usr/bin/ld: CMakeFiles/cmTC_471e0.dir/src.c.o: in function `main':
src.c:(.text+0x46): undefined reference to `pthread_create'
/usr/bin/ld: src.c:(.text+0x52): undefined reference to `pthread_detach'
/usr/bin/ld: src.c:(.text+0x63): undefined reference to `pthread_join'
collect2: error: ld returned 1 exit status
make[1]: *** [CMakeFiles/cmTC_471e0.dir/build.make:87: cmTC_471e0] Error 1
make[1]: Leaving directory '/home/sujin/Downloads/ObjDetector_220713/build/CMakeFiles/CMakeTmp'
make: *** [Makefile:121: cmTC_471e0/fast] Error 2


Source file was:
#include <pthread.h>

void* test_func(void* data)
{
  return data;
}

int main(void)
{
  pthread_t thread;
  pthread_create(&thread, NULL, test_func, NULL);
  pthread_detach(thread);
  pthread_join(thread, NULL);
  pthread_atfork(NULL, NULL, NULL);
  pthread_exit(NULL);

  return 0;
}

Determining if the function pthread_create exists in the pthreads failed with the following output:
Change Dir: /home/sujin/Downloads/ObjDetector_220713/build/CMakeFiles/CMakeTmp

Run Build Command(s):/usr/bin/make cmTC_9f8a4/fast && /usr/bin/make -f CMakeFiles/cmTC_9f8a4.dir/build.make CMakeFiles/cmTC_9f8a4.dir/build
make[1]: Entering directory '/home/sujin/Downloads/ObjDetector_220713/build/CMakeFiles/CMakeTmp'
Building C object CMakeFiles/cmTC_9f8a4.dir/CheckFunctionExists.c.o
/usr/bin/cc   -fPIC -DCHECK_FUNCTION_EXISTS=pthread_create   -o CMakeFiles/cmTC_9f8a4.dir/CheckFunctionExists.c.o   -c /usr/share/cmake-3.16/Modules/CheckFunctionExists.c
Linking C executable cmTC_9f8a4
/usr/bin/cmake -E cmake_link_script CMakeFiles/cmTC_9f8a4.dir/link.txt --verbose=1
/usr/bin/cc -fPIC -DCHECK_FUNCTION_EXISTS=pthread_create     CMakeFiles/cmTC_9f8a4.dir/CheckFunctionExists.c.o  -o cmTC_9f8a4  -lpthreads 
/usr/bin/ld: cannot find -lpthreads
collect2: error: ld returned 1 exit status
make[1]: *** [CMakeFiles/cmTC_9f8a4.dir/build.make:87: cmTC_9f8a4] Error 1
make[1]: Leaving directory '/home/sujin/Downloads/ObjDetector_220713/build/CMakeFiles/CMakeTmp'
make: *** [Makefile:121: cmTC_9f8a4/fast] Error 2



Performing C SOURCE FILE Test CMAKE_HAVE_LIBC_PTHREAD failed with the following output:
Change Dir: /home/sujin/work/ObjDetector_220713/build/CMakeFiles/CMakeTmp

Run Build Command(s):/usr/bin/make cmTC_2d464/fast && /usr/bin/make -f CMakeFiles/cmTC_2d464.dir/build.make CMakeFiles/cmTC_2d464.dir/build
make[1]: Entering directory '/home/sujin/work/ObjDetector_220713/build/CMakeFiles/CMakeTmp'
Building C object CMakeFiles/cmTC_2d464.dir/src.c.o
/usr/bin/cc   -fPIC -DCMAKE_HAVE_LIBC_PTHREAD   -o CMakeFiles/cmTC_2d464.dir/src.c.o   -c /home/sujin/work/ObjDetector_220713/build/CMakeFiles/CMakeTmp/src.c
Linking C executable cmTC_2d464
/usr/bin/cmake -E cmake_link_script CMakeFiles/cmTC_2d464.dir/link.txt --verbose=1
/usr/bin/cc -fPIC -DCMAKE_HAVE_LIBC_PTHREAD     CMakeFiles/cmTC_2d464.dir/src.c.o  -o cmTC_2d464 
/usr/bin/ld: CMakeFiles/cmTC_2d464.dir/src.c.o: in function `main':
src.c:(.text+0x46): undefined reference to `pthread_create'
/usr/bin/ld: src.c:(.text+0x52): undefined reference to `pthread_detach'
/usr/bin/ld: src.c:(.text+0x63): undefined reference to `pthread_join'
collect2: error: ld returned 1 exit status
make[1]: *** [CMakeFiles/cmTC_2d464.dir/build.make:87: cmTC_2d464] Error 1
make[1]: Leaving directory '/home/sujin/work/ObjDetector_220713/build/CMakeFiles/CMakeTmp'
make: *** [Makefile:121: cmTC_2d464/fast] Error 2


Source file was:
#include <pthread.h>

void* test_func(void* data)
{
  return data;
}

int main(void)
{
  pthread_t thread;
  pthread_create(&thread, NULL, test_func, NULL);
  pthread_detach(thread);
  pthread_join(thread, NULL);
  pthread_atfork(NULL, NULL, NULL);
  pthread_exit(NULL);

  return 0;
}

Determining if the function pthread_create exists in the pthreads failed with the following output:
Change Dir: /home/sujin/work/ObjDetector_220713/build/CMakeFiles/CMakeTmp

Run Build Command(s):/usr/bin/make cmTC_e90fb/fast && /usr/bin/make -f CMakeFiles/cmTC_e90fb.dir/build.make CMakeFiles/cmTC_e90fb.dir/build
make[1]: Entering directory '/home/sujin/work/ObjDetector_220713/build/CMakeFiles/CMakeTmp'
Building C object CMakeFiles/cmTC_e90fb.dir/CheckFunctionExists.c.o
/usr/bin/cc   -fPIC -DCHECK_FUNCTION_EXISTS=pthread_create   -o CMakeFiles/cmTC_e90fb.dir/CheckFunctionExists.c.o   -c /usr/share/cmake-3.16/Modules/CheckFunctionExists.c
Linking C executable cmTC_e90fb
/usr/bin/cmake -E cmake_link_script CMakeFiles/cmTC_e90fb.dir/link.txt --verbose=1
/usr/bin/cc -fPIC -DCHECK_FUNCTION_EXISTS=pthread_create     CMakeFiles/cmTC_e90fb.dir/CheckFunctionExists.c.o  -o cmTC_e90fb  -lpthreads 
/usr/bin/ld: cannot find -lpthreads
collect2: error: ld returned 1 exit status
make[1]: *** [CMakeFiles/cmTC_e90fb.dir/build.make:87: cmTC_e90fb] Error 1
make[1]: Leaving directory '/home/sujin/work/ObjDetector_220713/build/CMakeFiles/CMakeTmp'
make: *** [Makefile:121: cmTC_e90fb/fast] Error 2



Performing C SOURCE FILE Test CMAKE_HAVE_LIBC_PTHREAD failed with the following output:
Change Dir: /home/sujin/work/ObjDetector_220713/build/CMakeFiles/CMakeTmp

Run Build Command(s):/usr/bin/make cmTC_af100/fast && /usr/bin/make -f CMakeFiles/cmTC_af100.dir/build.make CMakeFiles/cmTC_af100.dir/build
make[1]: Entering directory '/home/sujin/work/ObjDetector_220713/build/CMakeFiles/CMakeTmp'
Building C object CMakeFiles/cmTC_af100.dir/src.c.o
/usr/bin/cc   -fPIC -DCMAKE_HAVE_LIBC_PTHREAD   -o CMakeFiles/cmTC_af100.dir/src.c.o   -c /home/sujin/work/ObjDetector_220713/build/CMakeFiles/CMakeTmp/src.c
Linking C executable cmTC_af100
/usr/bin/cmake -E cmake_link_script CMakeFiles/cmTC_af100.dir/link.txt --verbose=1
/usr/bin/cc -fPIC -DCMAKE_HAVE_LIBC_PTHREAD     CMakeFiles/cmTC_af100.dir/src.c.o  -o cmTC_af100 
/usr/bin/ld: CMakeFiles/cmTC_af100.dir/src.c.o: in function `main':
src.c:(.text+0x46): undefined reference to `pthread_create'
/usr/bin/ld: src.c:(.text+0x52): undefined reference to `pthread_detach'
/usr/bin/ld: src.c:(.text+0x63): undefined reference to `pthread_join'
collect2: error: ld returned 1 exit status
make[1]: *** [CMakeFiles/cmTC_af100.dir/build.make:87: cmTC_af100] Error 1
make[1]: Leaving directory '/home/sujin/work/ObjDetector_220713/build/CMakeFiles/CMakeTmp'
make: *** [Makefile:121: cmTC_af100/fast] Error 2


Source file was:
#include <pthread.h>

void* test_func(void* data)
{
  return data;
}

int main(void)
{
  pthread_t thread;
  pthread_create(&thread, NULL, test_func, NULL);
  pthread_detach(thread);
  pthread_join(thread, NULL);
  pthread_atfork(NULL, NULL, NULL);
  pthread_exit(NULL);

  return 0;
}

Determining if the function pthread_create exists in the pthreads failed with the following output:
Change Dir: /home/sujin/work/ObjDetector_220713/build/CMakeFiles/CMakeTmp

Run Build Command(s):/usr/bin/make cmTC_56124/fast && /usr/bin/make -f CMakeFiles/cmTC_56124.dir/build.make CMakeFiles/cmTC_56124.dir/build
make[1]: Entering directory '/home/sujin/work/ObjDetector_220713/build/CMakeFiles/CMakeTmp'
Building C object CMakeFiles/cmTC_56124.dir/CheckFunctionExists.c.o
/usr/bin/cc   -fPIC -DCHECK_FUNCTION_EXISTS=pthread_create   -o CMakeFiles/cmTC_56124.dir/CheckFunctionExists.c.o   -c /usr/share/cmake-3.16/Modules/CheckFunctionExists.c
Linking C executable cmTC_56124
/usr/bin/cmake -E cmake_link_script CMakeFiles/cmTC_56124.dir/link.txt --verbose=1
/usr/bin/cc -fPIC -DCHECK_FUNCTION_EXISTS=pthread_create     CMakeFiles/cmTC_56124.dir/CheckFunctionExists.c.o  -o cmTC_56124  -lpthreads 
/usr/bin/ld: cannot find -lpthreads
collect2: error: ld returned 1 exit status
make[1]: *** [CMakeFiles/cmTC_56124.dir/build.make:87: cmTC_56124] Error 1
make[1]: Leaving directory '/home/sujin/work/ObjDetector_220713/build/CMakeFiles/CMakeTmp'
make: *** [Makefile:121: cmTC_56124/fast] Error 2



Performing C SOURCE FILE Test CMAKE_HAVE_LIBC_PTHREAD failed with the following output:
Change Dir: /home/sujin/work/ObjDetector_220713/build/CMakeFiles/CMakeTmp

Run Build Command(s):/usr/bin/make cmTC_d1305/fast && /usr/bin/make -f CMakeFiles/cmTC_d1305.dir/build.make CMakeFiles/cmTC_d1305.dir/build
make[1]: Entering directory '/home/sujin/work/ObjDetector_220713/build/CMakeFiles/CMakeTmp'
Building C object CMakeFiles/cmTC_d1305.dir/src.c.o
/usr/bin/cc   -fPIC -DCMAKE_HAVE_LIBC_PTHREAD   -o CMakeFiles/cmTC_d1305.dir/src.c.o   -c /home/sujin/work/ObjDetector_220713/build/CMakeFiles/CMakeTmp/src.c
Linking C executable cmTC_d1305
/usr/bin/cmake -E cmake_link_script CMakeFiles/cmTC_d1305.dir/link.txt --verbose=1
/usr/bin/cc -fPIC -DCMAKE_HAVE_LIBC_PTHREAD     CMakeFiles/cmTC_d1305.dir/src.c.o  -o cmTC_d1305 
/usr/bin/ld: CMakeFiles/cmTC_d1305.dir/src.c.o: in function `main':
src.c:(.text+0x46): undefined reference to `pthread_create'
/usr/bin/ld: src.c:(.text+0x52): undefined reference to `pthread_detach'
/usr/bin/ld: src.c:(.text+0x63): undefined reference to `pthread_join'
collect2: error: ld returned 1 exit status
make[1]: *** [CMakeFiles/cmTC_d1305.dir/build.make:87: cmTC_d1305] Error 1
make[1]: Leaving directory '/home/sujin/work/ObjDetector_220713/build/CMakeFiles/CMakeTmp'
make: *** [Makefile:121: cmTC_d1305/fast] Error 2


Source file was:
#include <pthread.h>

void* test_func(void* data)
{
  return data;
}

int main(void)
{
  pthread_t thread;
  pthread_create(&thread, NULL, test_func, NULL);
  pthread_detach(thread);
  pthread_join(thread, NULL);
  pthread_atfork(NULL, NULL, NULL);
  pthread_exit(NULL);

  return 0;
}

Determining if the function pthread_create exists in the pthreads failed with the following output:
Change Dir: /home/sujin/work/ObjDetector_220713/build/CMakeFiles/CMakeTmp

Run Build Command(s):/usr/bin/make cmTC_ff78e/fast && /usr/bin/make -f CMakeFiles/cmTC_ff78e.dir/build.make CMakeFiles/cmTC_ff78e.dir/build
make[1]: Entering directory '/home/sujin/work/ObjDetector_220713/build/CMakeFiles/CMakeTmp'
Building C object CMakeFiles/cmTC_ff78e.dir/CheckFunctionExists.c.o
/usr/bin/cc   -fPIC -DCHECK_FUNCTION_EXISTS=pthread_create   -o CMakeFiles/cmTC_ff78e.dir/CheckFunctionExists.c.o   -c /usr/share/cmake-3.16/Modules/CheckFunctionExists.c
Linking C executable cmTC_ff78e
/usr/bin/cmake -E cmake_link_script CMakeFiles/cmTC_ff78e.dir/link.txt --verbose=1
/usr/bin/cc -fPIC -DCHECK_FUNCTION_EXISTS=pthread_create     CMakeFiles/cmTC_ff78e.dir/CheckFunctionExists.c.o  -o cmTC_ff78e  -lpthreads 
/usr/bin/ld: cannot find -lpthreads
collect2: error: ld returned 1 exit status
make[1]: *** [CMakeFiles/cmTC_ff78e.dir/build.make:87: cmTC_ff78e] Error 1
make[1]: Leaving directory '/home/sujin/work/ObjDetector_220713/build/CMakeFiles/CMakeTmp'
make: *** [Makefile:121: cmTC_ff78e/fast] Error 2



Performing C SOURCE FILE Test CMAKE_HAVE_LIBC_PTHREAD failed with the following output:
Change Dir: /home/sujin/work/ObjDetector_220713/build/CMakeFiles/CMakeTmp

Run Build Command(s):/usr/bin/make cmTC_6b22f/fast && /usr/bin/make -f CMakeFiles/cmTC_6b22f.dir/build.make CMakeFiles/cmTC_6b22f.dir/build
make[1]: Entering directory '/home/sujin/work/ObjDetector_220713/build/CMakeFiles/CMakeTmp'
Building C object CMakeFiles/cmTC_6b22f.dir/src.c.o
/usr/bin/cc   -fPIC -DCMAKE_HAVE_LIBC_PTHREAD   -o CMakeFiles/cmTC_6b22f.dir/src.c.o   -c /home/sujin/work/ObjDetector_220713/build/CMakeFiles/CMakeTmp/src.c
Linking C executable cmTC_6b22f
/usr/bin/cmake -E cmake_link_script CMakeFiles/cmTC_6b22f.dir/link.txt --verbose=1
/usr/bin/cc -fPIC -DCMAKE_HAVE_LIBC_PTHREAD     CMakeFiles/cmTC_6b22f.dir/src.c.o  -o cmTC_6b22f 
/usr/bin/ld: CMakeFiles/cmTC_6b22f.dir/src.c.o: in function `main':
src.c:(.text+0x46): undefined reference to `pthread_create'
/usr/bin/ld: src.c:(.text+0x52): undefined reference to `pthread_detach'
/usr/bin/ld: src.c:(.text+0x63): undefined reference to `pthread_join'
collect2: error: ld returned 1 exit status
make[1]: *** [CMakeFiles/cmTC_6b22f.dir/build.make:87: cmTC_6b22f] Error 1
make[1]: Leaving directory '/home/sujin/work/ObjDetector_220713/build/CMakeFiles/CMakeTmp'
make: *** [Makefile:121: cmTC_6b22f/fast] Error 2


Source file was:
#include <pthread.h>

void* test_func(void* data)
{
  return data;
}

int main(void)
{
  pthread_t thread;
  pthread_create(&thread, NULL, test_func, NULL);
  pthread_detach(thread);
  pthread_join(thread, NULL);
  pthread_atfork(NULL, NULL, NULL);
  pthread_exit(NULL);

  return 0;
}

Determining if the function pthread_create exists in the pthreads failed with the following output:
Change Dir: /home/sujin/work/ObjDetector_220713/build/CMakeFiles/CMakeTmp

Run Build Command(s):/usr/bin/make cmTC_00fe1/fast && /usr/bin/make -f CMakeFiles/cmTC_00fe1.dir/build.make CMakeFiles/cmTC_00fe1.dir/build
make[1]: Entering directory '/home/sujin/work/ObjDetector_220713/build/CMakeFiles/CMakeTmp'
Building C object CMakeFiles/cmTC_00fe1.dir/CheckFunctionExists.c.o
/usr/bin/cc   -fPIC -DCHECK_FUNCTION_EXISTS=pthread_create   -o CMakeFiles/cmTC_00fe1.dir/CheckFunctionExists.c.o   -c /usr/share/cmake-3.16/Modules/CheckFunctionExists.c
Linking C executable cmTC_00fe1
/usr/bin/cmake -E cmake_link_script CMakeFiles/cmTC_00fe1.dir/link.txt --verbose=1
/usr/bin/cc -fPIC -DCHECK_FUNCTION_EXISTS=pthread_create     CMakeFiles/cmTC_00fe1.dir/CheckFunctionExists.c.o  -o cmTC_00fe1  -lpthreads 
/usr/bin/ld: cannot find -lpthreads
collect2: error: ld returned 1 exit status
make[1]: *** [CMakeFiles/cmTC_00fe1.dir/build.make:87: cmTC_00fe1] Error 1
make[1]: Leaving directory '/home/sujin/work/ObjDetector_220713/build/CMakeFiles/CMakeTmp'
make: *** [Makefile:121: cmTC_00fe1/fast] Error 2



Performing C SOURCE FILE Test CMAKE_HAVE_LIBC_PTHREAD failed with the following output:
Change Dir: /home/sujin/work/ObjDetector_220713/build/CMakeFiles/CMakeTmp

Run Build Command(s):/usr/bin/make cmTC_eef3e/fast && /usr/bin/make -f CMakeFiles/cmTC_eef3e.dir/build.make CMakeFiles/cmTC_eef3e.dir/build
make[1]: Entering directory '/home/sujin/work/ObjDetector_220713/build/CMakeFiles/CMakeTmp'
Building C object CMakeFiles/cmTC_eef3e.dir/src.c.o
/usr/bin/cc   -fPIC -DCMAKE_HAVE_LIBC_PTHREAD   -o CMakeFiles/cmTC_eef3e.dir/src.c.o   -c /home/sujin/work/ObjDetector_220713/build/CMakeFiles/CMakeTmp/src.c
Linking C executable cmTC_eef3e
/usr/bin/cmake -E cmake_link_script CMakeFiles/cmTC_eef3e.dir/link.txt --verbose=1
/usr/bin/cc -fPIC -DCMAKE_HAVE_LIBC_PTHREAD     CMakeFiles/cmTC_eef3e.dir/src.c.o  -o cmTC_eef3e 
/usr/bin/ld: CMakeFiles/cmTC_eef3e.dir/src.c.o: in function `main':
src.c:(.text+0x46): undefined reference to `pthread_create'
/usr/bin/ld: src.c:(.text+0x52): undefined reference to `pthread_detach'
/usr/bin/ld: src.c:(.text+0x63): undefined reference to `pthread_join'
collect2: error: ld returned 1 exit status
make[1]: *** [CMakeFiles/cmTC_eef3e.dir/build.make:87: cmTC_eef3e] Error 1
make[1]: Leaving directory '/home/sujin/work/ObjDetector_220713/build/CMakeFiles/CMakeTmp'
make: *** [Makefile:121: cmTC_eef3e/fast] Error 2


Source file was:
#include <pthread.h>

void* test_func(void* data)
{
  return data;
}

int main(void)
{
  pthread_t thread;
  pthread_create(&thread, NULL, test_func, NULL);
  pthread_detach(thread);
  pthread_join(thread, NULL);
  pthread_atfork(NULL, NULL, NULL);
  pthread_exit(NULL);

  return 0;
}

Determining if the function pthread_create exists in the pthreads failed with the following output:
Change Dir: /home/sujin/work/ObjDetector_220713/build/CMakeFiles/CMakeTmp

Run Build Command(s):/usr/bin/make cmTC_f129d/fast && /usr/bin/make -f CMakeFiles/cmTC_f129d.dir/build.make CMakeFiles/cmTC_f129d.dir/build
make[1]: Entering directory '/home/sujin/work/ObjDetector_220713/build/CMakeFiles/CMakeTmp'
Building C object CMakeFiles/cmTC_f129d.dir/CheckFunctionExists.c.o
/usr/bin/cc   -fPIC -DCHECK_FUNCTION_EXISTS=pthread_create   -o CMakeFiles/cmTC_f129d.dir/CheckFunctionExists.c.o   -c /usr/share/cmake-3.16/Modules/CheckFunctionExists.c
Linking C executable cmTC_f129d
/usr/bin/cmake -E cmake_link_script CMakeFiles/cmTC_f129d.dir/link.txt --verbose=1
/usr/bin/cc -fPIC -DCHECK_FUNCTION_EXISTS=pthread_create     CMakeFiles/cmTC_f129d.dir/CheckFunctionExists.c.o  -o cmTC_f129d  -lpthreads 
/usr/bin/ld: cannot find -lpthreads
collect2: error: ld returned 1 exit status
make[1]: *** [CMakeFiles/cmTC_f129d.dir/build.make:87: cmTC_f129d] Error 1
make[1]: Leaving directory '/home/sujin/work/ObjDetector_220713/build/CMakeFiles/CMakeTmp'
make: *** [Makefile:121: cmTC_f129d/fast] Error 2



Performing C SOURCE FILE Test CMAKE_HAVE_LIBC_PTHREAD failed with the following output:
Change Dir: /home/sujin/work/ObjDetector_220713/build/CMakeFiles/CMakeTmp

Run Build Command(s):/usr/bin/make cmTC_982ca/fast && /usr/bin/make -f CMakeFiles/cmTC_982ca.dir/build.make CMakeFiles/cmTC_982ca.dir/build
make[1]: Entering directory '/home/sujin/work/ObjDetector_220713/build/CMakeFiles/CMakeTmp'
Building C object CMakeFiles/cmTC_982ca.dir/src.c.o
/usr/bin/cc   -fPIC -DCMAKE_HAVE_LIBC_PTHREAD   -o CMakeFiles/cmTC_982ca.dir/src.c.o   -c /home/sujin/work/ObjDetector_220713/build/CMakeFiles/CMakeTmp/src.c
Linking C executable cmTC_982ca
/usr/bin/cmake -E cmake_link_script CMakeFiles/cmTC_982ca.dir/link.txt --verbose=1
/usr/bin/cc -fPIC -DCMAKE_HAVE_LIBC_PTHREAD     CMakeFiles/cmTC_982ca.dir/src.c.o  -o cmTC_982ca 
/usr/bin/ld: CMakeFiles/cmTC_982ca.dir/src.c.o: in function `main':
src.c:(.text+0x46): undefined reference to `pthread_create'
/usr/bin/ld: src.c:(.text+0x52): undefined reference to `pthread_detach'
/usr/bin/ld: src.c:(.text+0x63): undefined reference to `pthread_join'
collect2: error: ld returned 1 exit status
make[1]: *** [CMakeFiles/cmTC_982ca.dir/build.make:87: cmTC_982ca] Error 1
make[1]: Leaving directory '/home/sujin/work/ObjDetector_220713/build/CMakeFiles/CMakeTmp'
make: *** [Makefile:121: cmTC_982ca/fast] Error 2


Source file was:
#include <pthread.h>

void* test_func(void* data)
{
  return data;
}

int main(void)
{
  pthread_t thread;
  pthread_create(&thread, NULL, test_func, NULL);
  pthread_detach(thread);
  pthread_join(thread, NULL);
  pthread_atfork(NULL, NULL, NULL);
  pthread_exit(NULL);

  return 0;
}

Determining if the function pthread_create exists in the pthreads failed with the following output:
Change Dir: /home/sujin/work/ObjDetector_220713/build/CMakeFiles/CMakeTmp

Run Build Command(s):/usr/bin/make cmTC_b8f50/fast && /usr/bin/make -f CMakeFiles/cmTC_b8f50.dir/build.make CMakeFiles/cmTC_b8f50.dir/build
make[1]: Entering directory '/home/sujin/work/ObjDetector_220713/build/CMakeFiles/CMakeTmp'
Building C object CMakeFiles/cmTC_b8f50.dir/CheckFunctionExists.c.o
/usr/bin/cc   -fPIC -DCHECK_FUNCTION_EXISTS=pthread_create   -o CMakeFiles/cmTC_b8f50.dir/CheckFunctionExists.c.o   -c /usr/share/cmake-3.16/Modules/CheckFunctionExists.c
Linking C executable cmTC_b8f50
/usr/bin/cmake -E cmake_link_script CMakeFiles/cmTC_b8f50.dir/link.txt --verbose=1
/usr/bin/cc -fPIC -DCHECK_FUNCTION_EXISTS=pthread_create     CMakeFiles/cmTC_b8f50.dir/CheckFunctionExists.c.o  -o cmTC_b8f50  -lpthreads 
/usr/bin/ld: cannot find -lpthreads
collect2: error: ld returned 1 exit status
make[1]: *** [CMakeFiles/cmTC_b8f50.dir/build.make:87: cmTC_b8f50] Error 1
make[1]: Leaving directory '/home/sujin/work/ObjDetector_220713/build/CMakeFiles/CMakeTmp'
make: *** [Makefile:121: cmTC_b8f50/fast] Error 2



